<?xml version="1.0" encoding="UTF-8"?>
<Site BuildName="(empty)"
	BuildStamp="20250508-0259-Experimental"
	Name="jammy"
	Generator="ctest-3.22.1"
	CompilerName="/usr/bin/g++"
	CompilerVersion="11.4.0"
	OSName="Linux"
	Hostname="jammy"
	OSRelease="6.8.0-57-generic"
	OSVersion="#59~22.04.1-Ubuntu SMP PREEMPT_DYNAMIC Wed Mar 19 17:07:41 UTC 2"
	OSPlatform="x86_64"
	Is64Bits="1"
	VendorString="GenuineIntel"
	VendorID="Intel Corporation"
	FamilyID="6"
	ModelID="151"
	ProcessorCacheSize="25600"
	NumberOfLogicalCPU="16"
	NumberOfPhysicalCPU="16"
	TotalVirtualMemory="3897"
	TotalPhysicalMemory="9748"
	LogicalProcessorsPerPhysical="1"
	ProcessorClockFrequency="3609.6"
	>
	<Testing>
		<StartDateTime>May 08 14:00 CST</StartDateTime>
		<StartTestTime>1746684009</StartTestTime>
		<TestList/>
		<EndDateTime>May 08 14:00 CST</EndDateTime>
		<EndTestTime>1746684009</EndTestTime>
		<ElapsedMinutes>0</ElapsedMinutes>
	</Testing>
</Site>
