<?xml version="1.0" encoding="UTF-8"?>
<Site BuildName="(empty)"
	BuildStamp="20240902-0111-Experimental"
	Name="byd-desktop"
	Generator="ctest-3.22.1"
	CompilerName="/usr/bin/aarch64-linux-gnu-g++"
	CompilerVersion="11.4.0"
	OSName="Linux"
	Hostname="byd-desktop"
	OSRelease="5.10.120-tegra"
	OSVersion="#1 SMP PREEMPT Tue Aug 1 12:32:50 PDT 2023"
	OSPlatform="aarch64"
	Is64Bits="1"
	VendorString=""
	VendorID="Unknown Manufacturer"
	FamilyID="8"
	ModelID="0"
	ProcessorCacheSize="0"
	NumberOfLogicalCPU="8"
	NumberOfPhysicalCPU="1"
	TotalVirtualMemory="31400"
	TotalPhysicalMemory="62800"
	LogicalProcessorsPerPhysical="8"
	ProcessorClockFrequency="0"
	>
	<Testing>
		<StartDateTime>Sep 02 14:14 CST</StartDateTime>
		<StartTestTime>1725257666</StartTestTime>
		<TestList/>
		<EndDateTime>Sep 02 14:14 CST</EndDateTime>
		<EndTestTime>1725257666</EndTestTime>
		<ElapsedMinutes>0</ElapsedMinutes>
	</Testing>
</Site>
