[0.022s] Invoking command in '/home/byd/src/ros2/point_cloud_ws/point_cloud_sub_cpp/build/point_cloud_sub_cpp': CMAKE_PREFIX_PATH=/home/byd/src/ros2/point_cloud_ws/point_cloud_pub/install/point_cloud_pub:/opt/ros/humble /usr/bin/cmake --build /home/byd/src/ros2/point_cloud_ws/point_cloud_sub_cpp/build/point_cloud_sub_cpp -- -j8 -l8
[0.123s] [ 50%] [32mBuilding CXX object CMakeFiles/pc_sub.dir/src/pc_sub.cpp.o[0m
[2.055s] In file included from [01m[K/home/byd/src/ros2/point_cloud_ws/point_cloud_sub_cpp/src/pc_sub.cpp:16[m[K:
[2.055s] [01m[K/opt/ros/humble/include/pcl_conversions/pcl_conversions/pcl_conversions.h:44:10:[m[K [01;31m[Kfatal error: [m[Kmessage_filters/message_event.h: æ²¡æœ‰é‚£ä¸ªæ–‡ä»¶æˆ–ç›®å½•
[2.055s]    44 | #include [01;31m[K<message_filters/message_event.h>[m[K
[2.055s]       |          [01;31m[K^~~~~~~~~~~~~~~~~~~~~~~~~~~~~~~~~[m[K
[2.055s] compilation terminated.
[2.080s] gmake[2]: *** [CMakeFiles/pc_sub.dir/build.make:76ï¼šCMakeFiles/pc_sub.dir/src/pc_sub.cpp.o] é”™è¯¯ 1
[2.080s] gmake[1]: *** [CMakeFiles/Makefile2:137ï¼šCMakeFiles/pc_sub.dir/all] é”™è¯¯ 2
[2.081s] gmake: *** [Makefile:146ï¼šall] é”™è¯¯ 2
[2.086s] Invoked command in '/home/byd/src/ros2/point_cloud_ws/point_cloud_sub_cpp/build/point_cloud_sub_cpp' returned '2': CMAKE_PREFIX_PATH=/home/byd/src/ros2/point_cloud_ws/point_cloud_pub/install/point_cloud_pub:/opt/ros/humble /usr/bin/cmake --build /home/byd/src/ros2/point_cloud_ws/point_cloud_sub_cpp/build/point_cloud_sub_cpp -- -j8 -l8
