-- Found ament_cmake: 1.3.10 (/opt/ros/humble/share/ament_cmake/cmake)
-- Found rclcpp: 16.0.10 (/opt/ros/humble/share/rclcpp/cmake)
-- Found rosidl_generator_c: 3.1.5 (/opt/ros/humble/share/rosidl_generator_c/cmake)
-- Found rosidl_adapter: 3.1.5 (/opt/ros/humble/share/rosidl_adapter/cmake)
-- Found rosidl_generator_cpp: 3.1.5 (/opt/ros/humble/share/rosidl_generator_cpp/cmake)
-- Using all available rosidl_typesupport_c: rosidl_typesupport_fastrtps_c;rosidl_typesupport_introspection_c
-- Using all available rosidl_typesupport_cpp: rosidl_typesupport_fastrtps_cpp;rosidl_typesupport_introspection_cpp
-- Found rmw_implementation_cmake: 6.1.2 (/opt/ros/humble/share/rmw_implementation_cmake/cmake)
-- Found rmw_fastrtps_cpp: 6.2.7 (/opt/ros/humble/share/rmw_fastrtps_cpp/cmake)
-- Using RMW implementation 'rmw_fastrtps_cpp' as default
-- Found ament_lint_auto: 0.12.11 (/opt/ros/humble/share/ament_lint_auto/cmake)
-- Added test 'cppcheck' to perform static code analysis on C / C++ code
-- Configured cppcheck include dirs: $<BUILD_INTERFACE:/home/byd/src/ros2/param_ws/include>
-- Configured cppcheck exclude dirs and/or files: 
-- Added test 'flake8' to check Python code syntax and style conventions
-- Added test 'lint_cmake' to check CMake code style
-- Added test 'pep257' to check Python code against some of the docstring style conventions in PEP 257
-- Added test 'uncrustify' to check C / C++ code style
-- Configured uncrustify additional arguments: 
-- Added test 'xmllint' to check XML markup files
-- Configuring done
-- Generating done
-- Build files have been written to: /home/byd/src/ros2/param_ws/build/param_ws
[35m[1mConsolidate compiler generated dependencies of target param[0m
[ 50%] [32mBuilding CXX object CMakeFiles/param.dir/src/param.cpp.o[0m
In file included from [01m[K/opt/ros/humble/include/rclcpp/rclcpp/logging.hpp:24[m[K,
                 from [01m[K/opt/ros/humble/include/rclcpp/rclcpp/client.hpp:40[m[K,
                 from [01m[K/opt/ros/humble/include/rclcpp/rclcpp/callback_group.hpp:24[m[K,
                 from [01m[K/opt/ros/humble/include/rclcpp/rclcpp/any_executable.hpp:20[m[K,
                 from [01m[K/opt/ros/humble/include/rclcpp/rclcpp/memory_strategy.hpp:25[m[K,
                 from [01m[K/opt/ros/humble/include/rclcpp/rclcpp/memory_strategies.hpp:18[m[K,
                 from [01m[K/opt/ros/humble/include/rclcpp/rclcpp/executor_options.hpp:20[m[K,
                 from [01m[K/opt/ros/humble/include/rclcpp/rclcpp/executor.hpp:37[m[K,
                 from [01m[K/opt/ros/humble/include/rclcpp/rclcpp/executors/multi_threaded_executor.hpp:25[m[K,
                 from [01m[K/opt/ros/humble/include/rclcpp/rclcpp/executors.hpp:21[m[K,
                 from [01m[K/opt/ros/humble/include/rclcpp/rclcpp/rclcpp.hpp:155[m[K,
                 from [01m[K/home/byd/src/ros2/param_ws/src/param.cpp:11[m[K:
[01m[K/home/byd/src/ros2/param_ws/src/param.cpp:[m[K In constructor â€˜[01m[KParamMonitor::ParamMonitor(const string&)[m[Kâ€™:
[01m[K/home/byd/src/ros2/param_ws/src/param.cpp:23:39:[m[K [01;35m[Kwarning: [m[Kformat â€˜[01m[K%d[m[Kâ€™ expects argument of type â€˜[01m[Kint[m[Kâ€™, but argument 6 has type â€˜[01m[Kint64_t[m[Kâ€™ {aka â€˜[01m[Klong int[m[Kâ€™} [[01;35m[K]8;;https://gcc.gnu.org/onlinedocs/gcc/Warning-Options.html#index-Wformat=-Wformat=]8;;[m[K]
   23 |       RCLCPP_INFO(this->get_logger(), [01;35m[K"rank:{%s}\t salary[%d]\t, venhicle:[%s]"[m[K,
      |                                       [01;35m[K^~~~~~~~~~~~~~~~~~~~~~~~~~~~~~~~~~~~~~~~~[m[K
   24 |        this->get_parameter("my_rank").as_string().c_str(),
   25 |        [32m[Kthis->get_parameter("salary").as_int()[m[K,
      |        [32m[K~~~~~~~~~~~~~~~~~~~~~~~~~~~~~~~~~~~~~~[m[K
      |                                            [32m[K|[m[K
      |                                            [32m[Kint64_t {aka long int}[m[K
[01m[K/home/byd/src/ros2/param_ws/src/param.cpp:23:60:[m[K [01;36m[Knote: [m[Kformat string is defined here
   23 |       RCLCPP_INFO(this->get_logger(), "rank:{%s}\t salary[[01;36m[K%d[m[K]\t, venhicle:[%s]",
      |                                                           [01;36m[K~^[m[K
      |                                                            [01;36m[K|[m[K
      |                                                            [01;36m[Kint[m[K
      |                                                           [32m[K%ld[m[K
[01m[K/home/byd/src/ros2/param_ws/src/param.cpp:34:31:[m[K [01;31m[Kerror: [m[Kduplicate â€˜[01m[Kconst[m[Kâ€™
   34 |       auto cb2 = [this](const [01;31m[Kconst[m[K rclcpp::Parameter& p) {
      |                               [01;31m[K^~~~~[m[K
      |                               [31m[K-----[m[K
In file included from [01m[K/opt/ros/humble/include/rclcpp/rclcpp/logging.hpp:24[m[K,
                 from [01m[K/opt/ros/humble/include/rclcpp/rclcpp/client.hpp:40[m[K,
                 from [01m[K/opt/ros/humble/include/rclcpp/rclcpp/callback_group.hpp:24[m[K,
                 from [01m[K/opt/ros/humble/include/rclcpp/rclcpp/any_executable.hpp:20[m[K,
                 from [01m[K/opt/ros/humble/include/rclcpp/rclcpp/memory_strategy.hpp:25[m[K,
                 from [01m[K/opt/ros/humble/include/rclcpp/rclcpp/memory_strategies.hpp:18[m[K,
                 from [01m[K/opt/ros/humble/include/rclcpp/rclcpp/executor_options.hpp:20[m[K,
                 from [01m[K/opt/ros/humble/include/rclcpp/rclcpp/executor.hpp:37[m[K,
                 from [01m[K/opt/ros/humble/include/rclcpp/rclcpp/executors/multi_threaded_executor.hpp:25[m[K,
                 from [01m[K/opt/ros/humble/include/rclcpp/rclcpp/executors.hpp:21[m[K,
                 from [01m[K/opt/ros/humble/include/rclcpp/rclcpp/rclcpp.hpp:155[m[K,
                 from [01m[K/home/byd/src/ros2/param_ws/src/param.cpp:11[m[K:
[01m[K/home/byd/src/ros2/param_ws/src/param.cpp:[m[K In lambda function:
[01m[K/home/byd/src/ros2/param_ws/src/param.cpp:35:41:[m[K [01;35m[Kwarning: [m[Kformat â€˜[01m[K%d[m[Kâ€™ expects argument of type â€˜[01m[Kint[m[Kâ€™, but argument 5 has type â€˜[01m[Kint64_t[m[Kâ€™ {aka â€˜[01m[Klong int[m[Kâ€™} [[01;35m[K]8;;https://gcc.gnu.org/onlinedocs/gcc/Warning-Options.html#index-Wformat=-Wformat=]8;;[m[K]
   35 |         RCLCPP_INFO(this->get_logger(), [01;35m[K"ç›®å‰è–ªé…¬:[%d]"[m[K,
      |                                         [01;35m[K^~~~~~~~~~~~~~~[m[K
   36 |         [32m[Kp.as_int()[m[K);
      |         [32m[K~~~~~~~~~~[m[K                       
      |                 [32m[K|[m[K
      |                 [32m[Kint64_t {aka long int}[m[K
[01m[K/home/byd/src/ros2/param_ws/src/param.cpp:35:53:[m[K [01;36m[Knote: [m[Kformat string is defined here
   35 |         RCLCPP_INFO(this->get_logger(), "ç›®å‰è–ªé…¬:[[01;36m[K%d[m[K]",
      |                                                    [01;36m[K~^[m[K
      |                                                     [01;36m[K|[m[K
      |                                                     [01;36m[Kint[m[K
      |                                                    [32m[K%ld[m[K
[01m[K/home/byd/src/ros2/param_ws/src/param.cpp:[m[K In constructor â€˜[01m[KParamMonitor::ParamMonitor(const string&)[m[Kâ€™:
[01m[K/home/byd/src/ros2/param_ws/src/param.cpp:39:31:[m[K [01;31m[Kerror: [m[Kduplicate â€˜[01m[Kconst[m[Kâ€™
   39 |       auto cb3 = [this](const [01;31m[Kconst[m[K rclcpp::Parameter& p) {
      |                               [01;31m[K^~~~~[m[K
      |                               [31m[K-----[m[K
gmake[2]: *** [CMakeFiles/param.dir/build.make:76ï¼šCMakeFiles/param.dir/src/param.cpp.o] é”™è¯¯ 1
gmake[1]: *** [CMakeFiles/Makefile2:137ï¼šCMakeFiles/param.dir/all] é”™è¯¯ 2
gmake: *** [Makefile:146ï¼šall] é”™è¯¯ 2
