<?xml version="1.0" encoding="UTF-8"?>
<Site BuildName="(empty)"
	BuildStamp="20241211-0405-Experimental"
	Name="ubuntu"
	Generator="ctest-3.31.1"
	CompilerName="/usr/bin/aarch64-linux-gnu-g++"
	CompilerVersion="11.4.0"
	OSName="Linux"
	Hostname="ubuntu"
	OSRelease="5.15.136-tegra"
	OSVersion="#1 SMP PREEMPT Mon May 6 09:56:39 PDT 2024"
	OSPlatform="aarch64"
	Is64Bits="1"
	VendorString=""
	VendorID="Unknown Manufacturer"
	FamilyID="8"
	ModelID="0"
	ModelName=""
	ProcessorCacheSize="0"
	NumberOfLogicalCPU="8"
	NumberOfPhysicalCPU="1"
	TotalVirtualMemory="31420"
	TotalPhysicalMemory="62841"
	LogicalProcessorsPerPhysical="8"
	ProcessorClockFrequency="0"
	>
	<Testing>
		<StartDateTime>Dec 11 12:05 CST</StartDateTime>
		<StartTestTime>1733889958</StartTestTime>
		<TestList/>
		<EndDateTime>Dec 11 12:05 CST</EndDateTime>
		<EndTestTime>1733889958</EndTestTime>
		<ElapsedMinutes>0</ElapsedMinutes>
	</Testing>
</Site>
